[2018-07-09 18:20:13] name.WARNING: Foo [] []
[2018-07-09 18:20:13] name.ERROR: Bar [] []
[2018-07-10 10:06:53] name.WARNING: Foo [] []
[2018-07-10 10:06:53] name.ERROR: Bar [] []
[2018-07-10 10:06:55] name.WARNING: Foo [] []
[2018-07-10 10:06:55] name.ERROR: Bar [] []
[2018-07-11 10:02:21] name.WARNING: Foo [] []
[2018-07-11 10:02:22] name.ERROR: Bar [] []
[2018-07-11 10:02:46] name.WARNING: Foo [] []
[2018-07-11 10:02:46] name.ERROR: Bar [] []
[2018-07-11 13:35:50] name.WARNING: Foo [] []
[2018-07-11 13:35:50] name.ERROR: Bar [] []
24/Jul/2018 15:48:15 Page not found : /khliyg
24/Jul/2018 15:58:09 Page not found : /khliyg
24/Jul/2018 15:58:10 Page not found : /khliyg
24/Jul/2018 15:58:17 Page not found : /sxdcfvgbhnj
24/Jul/2018 16:17:12 Page not found : /xdcfvgbh
24/Jul/2018 16:29:58 Page not found : /xdcfvgbh
24/Jul/2018 16:34:13 User is not authorized : 
24/Jul/2018 16:34:26 User is not authorized : 
24/Jul/2018 16:34:28 User is not authorized : 
24/Jul/2018 16:35:09 User is not authorized : 
24/Jul/2018 16:38:25 User is not authorized
24/Jul/2018 16:39:41 User is not authorized
24/Jul/2018 16:40:41 User is not authorized
24/Jul/2018 16:40:42 User is not authorized
24/Jul/2018 16:41:03 User is not authorized
24/Jul/2018 16:49:30 User is not authorized
24/Jul/2018 16:49:36 User is not authorized
24/Jul/2018 16:49:46 User is not authorized
24/Jul/2018 16:49:54 User is not authorized
24/Jul/2018 16:50:41 Shopping cart is empty
24/Jul/2018 16:53:04 User is not authorized
24/Jul/2018 16:53:34 User is not authorized
24/Jul/2018 16:56:29 User is not authorized
24/Jul/2018 16:56:36 User is not authorized
24/Jul/2018 16:56:46 User is not authorized
24/Jul/2018 16:56:54 User is not authorized
24/Jul/2018 16:57:35 Shopping cart is empty
24/Jul/2018 16:58:22 Shopping cart is empty
24/Jul/2018 16:58:26 Shopping cart is empty
