[2018-07-09 18:20:13] name.WARNING: Foo [] []
[2018-07-09 18:20:13] name.ERROR: Bar [] []
[2018-07-10 10:06:53] name.WARNING: Foo [] []
[2018-07-10 10:06:53] name.ERROR: Bar [] []
[2018-07-10 10:06:55] name.WARNING: Foo [] []
[2018-07-10 10:06:55] name.ERROR: Bar [] []
[2018-07-11 10:02:21] name.WARNING: Foo [] []
[2018-07-11 10:02:22] name.ERROR: Bar [] []
[2018-07-11 10:02:46] name.WARNING: Foo [] []
[2018-07-11 10:02:46] name.ERROR: Bar [] []
[2018-07-11 13:35:50] name.WARNING: Foo [] []
[2018-07-11 13:35:50] name.ERROR: Bar [] []
24/Jul/2018 15:48:15 Page not found : /khliyg
24/Jul/2018 15:58:09 Page not found : /khliyg
24/Jul/2018 15:58:10 Page not found : /khliyg
24/Jul/2018 15:58:17 Page not found : /sxdcfvgbhnj
24/Jul/2018 16:17:12 Page not found : /xdcfvgbh
24/Jul/2018 16:29:58 Page not found : /xdcfvgbh
24/Jul/2018 16:34:13 User is not authorized : 
24/Jul/2018 16:34:26 User is not authorized : 
24/Jul/2018 16:34:28 User is not authorized : 
24/Jul/2018 16:35:09 User is not authorized : 
24/Jul/2018 16:38:25 User is not authorized
24/Jul/2018 16:39:41 User is not authorized
24/Jul/2018 16:40:41 User is not authorized
24/Jul/2018 16:40:42 User is not authorized
24/Jul/2018 16:41:03 User is not authorized
24/Jul/2018 16:49:30 User is not authorized
24/Jul/2018 16:49:36 User is not authorized
24/Jul/2018 16:49:46 User is not authorized
24/Jul/2018 16:49:54 User is not authorized
24/Jul/2018 16:50:41 Shopping cart is empty
24/Jul/2018 16:53:04 User is not authorized
24/Jul/2018 16:53:34 User is not authorized
24/Jul/2018 16:56:29 User is not authorized
24/Jul/2018 16:56:36 User is not authorized
24/Jul/2018 16:56:46 User is not authorized
24/Jul/2018 16:56:54 User is not authorized
24/Jul/2018 16:57:35 Shopping cart is empty
24/Jul/2018 16:58:22 Shopping cart is empty
24/Jul/2018 16:58:26 Shopping cart is empty
25/Jul/2018 16:34:06 User is not authorized
25/Jul/2018 16:34:19 User is not authorized
25/Jul/2018 16:34:51 Shopping cart is empty
25/Jul/2018 16:35:42 Shopping cart is empty
25/Jul/2018 23:17:28 User is not authorized
26/Jul/2018 14:00:22 Shopping cart is empty
26/Jul/2018 17:45:02 User is not authorized
26/Jul/2018 17:45:26 User is not authorized
26/Jul/2018 17:45:36 User is not authorized
26/Jul/2018 17:45:52 Shopping cart is empty
26/Jul/2018 17:47:08 Shopping cart is empty
26/Jul/2018 17:53:40 Page not found : /main/gbfvdcxbgfvdcs
30/Jul/2018 18:48:27 Shopping cart is empty
30/Jul/2018 19:34:02 Shopping cart is empty
30/Jul/2018 19:34:23 User is not authorized
31/Jul/2018 00:01:22 User is not authorized
27/Aug/2018 15:16:13 Page not found : /mainzxdcfvgbhnjmk,l
27/Aug/2018 15:16:24 Shopping cart is empty
28/Aug/2018 21:00:06 Shopping cart is empty
28/Aug/2018 21:24:18 User is not authorized
28/Aug/2018 21:28:05 User is not authorized
28/Aug/2018 21:57:13 User is not authorized
28/Aug/2018 21:57:17 User is not authorized
28/Aug/2018 21:57:36 User is not authorized
04/Sep/2018 18:09:57 User is not authorized
04/Sep/2018 18:10:06 User is not authorized
04/Sep/2018 20:59:23 User is not authorized
04/Sep/2018 20:59:30 User is not authorized
06/Sep/2018 23:12:07 User is not authorized
13/Sep/2018 16:37:34 Shopping cart is empty
13/Sep/2018 16:37:39 Shopping cart is empty
13/Sep/2018 16:37:46 User is not authorized
13/Sep/2018 17:07:27 User is not authorized
13/Sep/2018 17:08:50 Shopping cart is empty
13/Sep/2018 17:17:08 User is not authorized
13/Sep/2018 17:20:34 User is not authorized
13/Sep/2018 17:22:08 User is not authorized
13/Sep/2018 18:24:35 User is not authorized
13/Sep/2018 18:41:34 Shopping cart is empty
13/Sep/2018 18:41:44 User is not authorized
13/Sep/2018 18:42:03 Page not found : /order/place_an_ordersdrftyguhijokpl;['
13/Sep/2018 19:57:59 Page not found : /products/category/wedding
13/Sep/2018 19:58:37 Page not found : /products/category/evening
13/Sep/2018 19:59:13 Page not found : /products/evening
13/Sep/2018 21:15:15 Page not found : /products/products/category/evening
13/Sep/2018 23:55:45 User is not authorized
